<?xml version="1.0" encoding="UTF-8"?>
<!-- Generated by org.testng.reporters.JUnitXMLReporter -->
<testsuite ignored="0" hostname="DESKTOP-HVILAEN" failures="1" tests="1" name="Test" time="7.122" errors="0" timestamp="2020-03-09T02:25:10 EDT">
  <testcase classname="smoketest.aTagsTest" name="userlogin" time="7.075">
    <failure type="java.lang.ClassCastException" message="class org.openqa.selenium.remote.RemoteWebElement cannot be cast to class java.util.List (org.openqa.selenium.remote.RemoteWebElement is in unnamed module of loader &amp;apos;app&amp;apos;; java.util.List is in module java.base of loader &amp;apos;bootstrap&amp;apos;)">
      <![CDATA[java.lang.ClassCastException: class org.openqa.selenium.remote.RemoteWebElement cannot be cast to class java.util.List (org.openqa.selenium.remote.RemoteWebElement is in unnamed module of loader 'app'; java.util.List is in module java.base of loader 'bootstrap')
at smoketest.aTagsTest.userlogin(aTagsTest.java:26)
at java.base/java.util.ArrayList.forEach(ArrayList.java:1507)
... Removed 27 stack frames]]>
    </failure>
  </testcase> <!-- userlogin -->
</testsuite> <!-- Test -->
